saber.love.com
saber.love.com
www.baidu.com/slave
www.google.com
www.bilibili.com
www.youtube.com
www.xina.com
www.3dm.blog.com
www.alibaba.com
www.baidu.com/slave
www.baidu.com/slave
www.google.com
www.3dm.blog.com
www.alibaba.com
www.baidu.com/slave
www.baidu.com/slave
www.google.com
www.bilibili.com
www.bilibili.com
www.youtube.com
www.xina.com
www.google.com
www.bilibili.com
www.3dm.blog.com
www.alibaba.com
www.baidu.com/slave
www.baidu.com/slave
www.google.com
www.bilibili.com
www.youtube.com
www.xina.com
saber.love.com
saber.love.com
saber.love.com
saber.love.com
saber.love.com
www.baidu.com/slave
saber.love.com
www.baidu.com/slave
saber.love.com
www.baidu.com/slave
saber.love.com
www.baidu.com/slave
www.sanlelearing.com
www.sanlelearing.com
www.3dm.blog.com
www.alibaba.com
www.baidu.com/slave
www.baidu.com/slave
www.google.com
www.bilibili.com
www.3dm.blog.com
www.alibaba.com
www.baidu.com/slave
www.baidu.com/slave
www.google.com
www.bilibili.com
www.sanlelearing.com
www.sanlelearing.com
www.vegit.com
www.vegit.com
www.vegit.com
www.vegit.com
